<?xml version="1.0" encoding="UTF-8"?>
<testsuites name="bun test" tests="48" assertions="76" failures="0" skipped="0" time="2.013701">
  <testsuite name="app/layout.test.tsx" file="app/layout.test.tsx" tests="2" assertions="5" failures="0" skipped="0" time="0" hostname="Yuris-MacBook-Pro.local">
    <testsuite name="RootLayout" file="app/layout.test.tsx" line="11" tests="2" assertions="5" failures="0" skipped="0" time="0.008" hostname="Yuris-MacBook-Pro.local">
      <testcase name="should render its children" classname="RootLayout" time="0.008232" file="app/layout.test.tsx" line="12" assertions="2" />
      <testcase name="should apply the correct font and utility classes to the body element" classname="RootLayout" time="0.000693" file="app/layout.test.tsx" line="25" assertions="3" />
    </testsuite>
  </testsuite>
  <testsuite name="app/[locale]/layout.test.tsx" file="app/[locale]/layout.test.tsx" tests="4" assertions="5" failures="0" skipped="0" time="0" hostname="Yuris-MacBook-Pro.local">
    <testsuite name="LocaleLayout" file="app/[locale]/layout.test.tsx" line="6" tests="4" assertions="5" failures="0" skipped="0" time="0.019" hostname="Yuris-MacBook-Pro.local">
      <testcase name="should render children and have correct data-testid" classname="LocaleLayout" time="0.018849" file="app/[locale]/layout.test.tsx" line="7" assertions="2" />
      <testcase name="should throw notFound for unsupported locale" classname="LocaleLayout" time="0.001103" file="app/[locale]/layout.test.tsx" line="19" assertions="1" />
      <testcase name="should generate correct metadata for en-GB" classname="LocaleLayout" time="0.000374" file="app/[locale]/layout.test.tsx" line="28" assertions="1" />
      <testcase name="should generate correct metadata for es-ES" classname="LocaleLayout" time="0" file="app/[locale]/layout.test.tsx" line="42" assertions="1" />
    </testsuite>
  </testsuite>
  <testsuite name="app/[locale]/(infrastructure)/layout.test.tsx" file="app/[locale]/(infrastructure)/layout.test.tsx" tests="3" assertions="5" failures="0" skipped="0" time="0" hostname="Yuris-MacBook-Pro.local">
    <testsuite name="InfrastructureLayout" file="app/[locale]/(infrastructure)/layout.test.tsx" line="5" tests="3" assertions="5" failures="0" skipped="0" time="0.166" hostname="Yuris-MacBook-Pro.local">
      <testcase name="should render its children" classname="InfrastructureLayout" time="0.090838" file="app/[locale]/(infrastructure)/layout.test.tsx" line="6" assertions="1" />
      <testcase name="should render the Navbar, NavbarSider, and Footer components" classname="InfrastructureLayout" time="0.042784" file="app/[locale]/(infrastructure)/layout.test.tsx" line="15" assertions="3" />
      <testcase name="should have the &apos;infrastructure-layout&apos; test id" classname="InfrastructureLayout" time="0.034367" file="app/[locale]/(infrastructure)/layout.test.tsx" line="32" assertions="1" />
    </testsuite>
  </testsuite>
  <testsuite name="app/[locale]/(infrastructure)/home/BottomMenu.test.tsx" file="app/[locale]/(infrastructure)/home/BottomMenu.test.tsx" tests="1" assertions="1" failures="0" skipped="0" time="0" hostname="Yuris-MacBook-Pro.local">
    <testsuite name="BottomMenu" file="app/[locale]/(infrastructure)/home/BottomMenu.test.tsx" line="5" tests="1" assertions="1" failures="0" skipped="0" time="0.013" hostname="Yuris-MacBook-Pro.local">
      <testcase name="should render the bottom menu" classname="BottomMenu" time="0.013341" file="app/[locale]/(infrastructure)/home/BottomMenu.test.tsx" line="6" assertions="1" />
    </testsuite>
  </testsuite>
  <testsuite name="app/[locale]/(infrastructure)/home/PopularSection.test.tsx" file="app/[locale]/(infrastructure)/home/PopularSection.test.tsx" tests="5" assertions="10" failures="0" skipped="0" time="0" hostname="Yuris-MacBook-Pro.local">
    <testsuite name="PopularSection" file="app/[locale]/(infrastructure)/home/PopularSection.test.tsx" line="5" tests="5" assertions="10" failures="0" skipped="0" time="0.044" hostname="Yuris-MacBook-Pro.local">
      <testcase name="should render the popular section" classname="PopularSection" time="0.011539" file="app/[locale]/(infrastructure)/home/PopularSection.test.tsx" line="6" assertions="1" />
      <testcase name="should render the title" classname="PopularSection" time="0.008433" file="app/[locale]/(infrastructure)/home/PopularSection.test.tsx" line="13" assertions="1" />
      <testcase name="should render the women and men buttons" classname="PopularSection" time="0.008609" file="app/[locale]/(infrastructure)/home/PopularSection.test.tsx" line="24" assertions="2" />
      <testcase name="should render 3 cards" classname="PopularSection" time="0.009263" file="app/[locale]/(infrastructure)/home/PopularSection.test.tsx" line="34" assertions="3" />
      <testcase name="should render the card buttons" classname="PopularSection" time="0.008991" file="app/[locale]/(infrastructure)/home/PopularSection.test.tsx" line="47" assertions="3" />
    </testsuite>
  </testsuite>
  <testsuite name="app/[locale]/(infrastructure)/home/Featured.test.tsx" file="app/[locale]/(infrastructure)/home/Featured.test.tsx" tests="3" assertions="6" failures="0" skipped="0" time="0" hostname="Yuris-MacBook-Pro.local">
    <testsuite name="Featured" file="app/[locale]/(infrastructure)/home/Featured.test.tsx" line="5" tests="3" assertions="6" failures="0" skipped="0" time="0.015" hostname="Yuris-MacBook-Pro.local">
      <testcase name="should render the featured section" classname="Featured" time="0.007342" file="app/[locale]/(infrastructure)/home/Featured.test.tsx" line="6" assertions="1" />
      <testcase name="should render the title" classname="Featured" time="0.004483" file="app/[locale]/(infrastructure)/home/Featured.test.tsx" line="13" assertions="1" />
      <testcase name="should render 4 cards" classname="Featured" time="0.004626" file="app/[locale]/(infrastructure)/home/Featured.test.tsx" line="24" assertions="4" />
    </testsuite>
  </testsuite>
  <testsuite name="app/[locale]/(infrastructure)/home/BrandListings.test.tsx" file="app/[locale]/(infrastructure)/home/BrandListings.test.tsx" tests="3" assertions="3" failures="0" skipped="0" time="0" hostname="Yuris-MacBook-Pro.local">
    <testsuite name="BrandListings" file="app/[locale]/(infrastructure)/home/BrandListings.test.tsx" line="4" tests="3" assertions="3" failures="0" skipped="0" time="0.017" hostname="Yuris-MacBook-Pro.local">
      <testcase name="should render the brand listings" classname="BrandListings" time="0.007813" file="app/[locale]/(infrastructure)/home/BrandListings.test.tsx" line="5" assertions="1" />
      <testcase name="should render the women&apos;s line listing" classname="BrandListings" time="0.006255" file="app/[locale]/(infrastructure)/home/BrandListings.test.tsx" line="12" assertions="1" />
      <testcase name="should render the men&apos;s line listing" classname="BrandListings" time="0.004737" file="app/[locale]/(infrastructure)/home/BrandListings.test.tsx" line="19" assertions="1" />
    </testsuite>
  </testsuite>
  <testsuite name="app/[locale]/(infrastructure)/home/Training.test.tsx" file="app/[locale]/(infrastructure)/home/Training.test.tsx" tests="4" assertions="8" failures="0" skipped="0" time="0" hostname="Yuris-MacBook-Pro.local">
    <testsuite name="Training" file="app/[locale]/(infrastructure)/home/Training.test.tsx" line="5" tests="4" assertions="8" failures="0" skipped="0" time="0.031" hostname="Yuris-MacBook-Pro.local">
      <testcase name="should render the training section" classname="Training" time="0.009882" file="app/[locale]/(infrastructure)/home/Training.test.tsx" line="6" assertions="1" />
      <testcase name="should render the title" classname="Training" time="0.007499" file="app/[locale]/(infrastructure)/home/Training.test.tsx" line="13" assertions="1" />
      <testcase name="should render 3 cards" classname="Training" time="0.008288" file="app/[locale]/(infrastructure)/home/Training.test.tsx" line="24" assertions="3" />
      <testcase name="should render the card buttons" classname="Training" time="0.007233" file="app/[locale]/(infrastructure)/home/Training.test.tsx" line="37" assertions="3" />
    </testsuite>
  </testsuite>
  <testsuite name="app/[locale]/(infrastructure)/home/BottomMoreAboutSection.test.tsx" file="app/[locale]/(infrastructure)/home/BottomMoreAboutSection.test.tsx" tests="3" assertions="5" failures="0" skipped="0" time="0" hostname="Yuris-MacBook-Pro.local">
    <testsuite name="BottomMoreAboutSection" file="app/[locale]/(infrastructure)/home/BottomMoreAboutSection.test.tsx" line="5" tests="3" assertions="5" failures="0" skipped="0" time="0.013" hostname="Yuris-MacBook-Pro.local">
      <testcase name="should render the bottom more about section" classname="BottomMoreAboutSection" time="0.006447" file="app/[locale]/(infrastructure)/home/BottomMoreAboutSection.test.tsx" line="6" assertions="1" />
      <testcase name="should render the title" classname="BottomMoreAboutSection" time="0.003713" file="app/[locale]/(infrastructure)/home/BottomMoreAboutSection.test.tsx" line="13" assertions="1" />
      <testcase name="should render 3 cards" classname="BottomMoreAboutSection" time="0.004552" file="app/[locale]/(infrastructure)/home/BottomMoreAboutSection.test.tsx" line="24" assertions="3" />
    </testsuite>
  </testsuite>
  <testsuite name="app/[locale]/(infrastructure)/home/SalesBlock.test.tsx" file="app/[locale]/(infrastructure)/home/SalesBlock.test.tsx" tests="4" assertions="5" failures="0" skipped="0" time="0" hostname="Yuris-MacBook-Pro.local">
    <testsuite name="SalesBlock" file="app/[locale]/(infrastructure)/home/SalesBlock.test.tsx" line="5" tests="4" assertions="5" failures="0" skipped="0" time="0.024" hostname="Yuris-MacBook-Pro.local">
      <testcase name="should render the sales block" classname="SalesBlock" time="0.007852" file="app/[locale]/(infrastructure)/home/SalesBlock.test.tsx" line="6" assertions="1" />
      <testcase name="should render the title" classname="SalesBlock" time="0.006306" file="app/[locale]/(infrastructure)/home/SalesBlock.test.tsx" line="11" assertions="1" />
      <testcase name="should render the text" classname="SalesBlock" time="0.005439" file="app/[locale]/(infrastructure)/home/SalesBlock.test.tsx" line="22" assertions="1" />
      <testcase name="should render the women and men buttons" classname="SalesBlock" time="0.006385" file="app/[locale]/(infrastructure)/home/SalesBlock.test.tsx" line="33" assertions="2" />
    </testsuite>
  </testsuite>
  <testsuite name="app/[locale]/(infrastructure)/home/PromoSection.test.tsx" file="app/[locale]/(infrastructure)/home/PromoSection.test.tsx" tests="4" assertions="4" failures="0" skipped="0" time="0" hostname="Yuris-MacBook-Pro.local">
    <testsuite name="PromoSection" file="app/[locale]/(infrastructure)/home/PromoSection.test.tsx" line="5" tests="4" assertions="4" failures="0" skipped="0" time="0.021" hostname="Yuris-MacBook-Pro.local">
      <testcase name="should render the promo section" classname="PromoSection" time="0.007484" file="app/[locale]/(infrastructure)/home/PromoSection.test.tsx" line="6" assertions="1" />
      <testcase name="should render the title" classname="PromoSection" time="0.005359" file="app/[locale]/(infrastructure)/home/PromoSection.test.tsx" line="13" assertions="1" />
      <testcase name="should render the text" classname="PromoSection" time="0.00465" file="app/[locale]/(infrastructure)/home/PromoSection.test.tsx" line="20" assertions="1" />
      <testcase name="should render the button" classname="PromoSection" time="0.005089" file="app/[locale]/(infrastructure)/home/PromoSection.test.tsx" line="27" assertions="1" />
    </testsuite>
  </testsuite>
  <testsuite name="app/[locale]/(infrastructure)/home/StoryBlock.test.tsx" file="app/[locale]/(infrastructure)/home/StoryBlock.test.tsx" tests="2" assertions="4" failures="0" skipped="0" time="0" hostname="Yuris-MacBook-Pro.local">
    <testsuite name="StoryBlock" file="app/[locale]/(infrastructure)/home/StoryBlock.test.tsx" line="5" tests="2" assertions="4" failures="0" skipped="0" time="0.007" hostname="Yuris-MacBook-Pro.local">
      <testcase name="should render the story block" classname="StoryBlock" time="0.005666" file="app/[locale]/(infrastructure)/home/StoryBlock.test.tsx" line="6" assertions="1" />
      <testcase name="should render 3 listings" classname="StoryBlock" time="0.002905" file="app/[locale]/(infrastructure)/home/StoryBlock.test.tsx" line="11" assertions="3" />
    </testsuite>
  </testsuite>
  <testsuite name="app/[locale]/(infrastructure)/home/LegalLinks.test.tsx" file="app/[locale]/(infrastructure)/home/LegalLinks.test.tsx" tests="2" assertions="5" failures="0" skipped="0" time="0" hostname="Yuris-MacBook-Pro.local">
    <testsuite name="LegalLinks" file="app/[locale]/(infrastructure)/home/LegalLinks.test.tsx" line="5" tests="2" assertions="5" failures="0" skipped="0" time="0.016" hostname="Yuris-MacBook-Pro.local">
      <testcase name="should render the legal links" classname="LegalLinks" time="0.00938" file="app/[locale]/(infrastructure)/home/LegalLinks.test.tsx" line="6" assertions="1" />
      <testcase name="should render 4 links" classname="LegalLinks" time="0.007159" file="app/[locale]/(infrastructure)/home/LegalLinks.test.tsx" line="11" assertions="4" />
    </testsuite>
  </testsuite>
  <testsuite name="app/[locale]/(infrastructure)/home/MainBanner.test.tsx" file="app/[locale]/(infrastructure)/home/MainBanner.test.tsx" tests="3" assertions="3" failures="0" skipped="0" time="0" hostname="Yuris-MacBook-Pro.local">
    <testsuite name="MainBanner" file="app/[locale]/(infrastructure)/home/MainBanner.test.tsx" line="5" tests="3" assertions="3" failures="0" skipped="0" time="0.032" hostname="Yuris-MacBook-Pro.local">
      <testcase name="should render the main banner" classname="MainBanner" time="0.01261" file="app/[locale]/(infrastructure)/home/MainBanner.test.tsx" line="6" assertions="1" />
      <testcase name="should render the title" classname="MainBanner" time="0.01014" file="app/[locale]/(infrastructure)/home/MainBanner.test.tsx" line="11" assertions="1" />
      <testcase name="should render the shop now button" classname="MainBanner" time="0.010355" file="app/[locale]/(infrastructure)/home/MainBanner.test.tsx" line="22" assertions="1" />
    </testsuite>
  </testsuite>
  <testsuite name="app/[locale]/(infrastructure)/(products)/one-sleeve-classic/page.test.tsx" file="app/[locale]/(infrastructure)/(products)/one-sleeve-classic/page.test.tsx" tests="1" assertions="2" failures="0" skipped="0" time="0" hostname="Yuris-MacBook-Pro.local">
    <testsuite name="OneSleeveClassicPage" file="app/[locale]/(infrastructure)/(products)/one-sleeve-classic/page.test.tsx" line="5" tests="1" assertions="2" failures="0" skipped="0" time="0.019" hostname="Yuris-MacBook-Pro.local">
      <testcase name="renders the OneSleeveClassic component" classname="OneSleeveClassicPage" time="0.019762" file="app/[locale]/(infrastructure)/(products)/one-sleeve-classic/page.test.tsx" line="6" assertions="2" />
    </testsuite>
  </testsuite>
  <testsuite name="app/[locale]/(infrastructure)/(products)/one-sleeve-classic/OneSleeveClassic.test.tsx" file="app/[locale]/(infrastructure)/(products)/one-sleeve-classic/OneSleeveClassic.test.tsx" tests="4" assertions="5" failures="0" skipped="0" time="0" hostname="Yuris-MacBook-Pro.local">
    <testsuite name="OneSleeveClassic" file="app/[locale]/(infrastructure)/(products)/one-sleeve-classic/OneSleeveClassic.test.tsx" line="5" tests="4" assertions="5" failures="0" skipped="0" time="0.073" hostname="Yuris-MacBook-Pro.local">
      <testcase name="renders the product name and price" classname="OneSleeveClassic" time="0.01554" file="app/[locale]/(infrastructure)/(products)/one-sleeve-classic/OneSleeveClassic.test.tsx" line="6" assertions="2" />
      <testcase name="changes the main image when a thumbnail is clicked" classname="OneSleeveClassic" time="0.017536" file="app/[locale]/(infrastructure)/(products)/one-sleeve-classic/OneSleeveClassic.test.tsx" line="18" assertions="1" />
      <testcase name="updates the selected color when a color radio button is clicked" classname="OneSleeveClassic" time="0.023067" file="app/[locale]/(infrastructure)/(products)/one-sleeve-classic/OneSleeveClassic.test.tsx" line="33" assertions="1" />
      <testcase name="updates the selected size when a size radio button is clicked" classname="OneSleeveClassic" time="0.018092" file="app/[locale]/(infrastructure)/(products)/one-sleeve-classic/OneSleeveClassic.test.tsx" line="46" assertions="1" />
    </testsuite>
  </testsuite>
</testsuites>
